Base path: /Applications/Unity/Unity.app/Contents
Cmd: initializeCompiler
Cmd: compileComputeKernel
  api=14 insize=1176 outsize=1357 ok=1
Cmd: translateComputeKernel
  api=14 insize=1469 outsize=1585 ok=1
Cmd: translateComputeKernel
  api=14 insize=5397 outsize=7573 ok=1
Cmd: compileComputeKernel
  api=14 insize=9166 outsize=9937 ok=1
Cmd: translateComputeKernel
  api=14 insize=9381 outsize=16149 ok=1
Cmd: translateComputeKernel
  api=14 insize=2001 outsize=3541 ok=1
Cmd: compileComputeKernel
  api=14 insize=654 outsize=1093 ok=1
Cmd: translateComputeKernel
  api=14 insize=1093 outsize=1081 ok=1
Cmd: compileComputeKernel
  api=14 insize=16784 outsize=7481 ok=1
Cmd: compileComputeKernel
  api=14 insize=16784 outsize=8157 ok=1
Cmd: compileComputeKernel
  api=14 insize=16784 outsize=8349 ok=1
Cmd: compileComputeKernel
  api=14 insize=16784 outsize=10773 ok=1
Cmd: compileComputeKernel
  api=14 insize=16784 outsize=8525 ok=1
Cmd: compileComputeKernel
  api=14 insize=16784 outsize=10249 ok=1
Cmd: compileComputeKernel
  api=14 insize=16784 outsize=10805 ok=1
Cmd: translateComputeKernel
  api=14 insize=5853 outsize=10385 ok=1
Cmd: translateComputeKernel
  api=14 insize=6417 outsize=11129 ok=1
Cmd: translateComputeKernel
  api=14 insize=7829 outsize=13905 ok=1
Cmd: translateComputeKernel
  api=14 insize=8425 outsize=15737 ok=1
Cmd: translateComputeKernel
  api=14 insize=6921 outsize=12757 ok=1
Cmd: translateComputeKernel
  api=14 insize=8697 outsize=16397 ok=1
Cmd: translateComputeKernel
  api=14 insize=9261 outsize=17185 ok=1
Cmd: translateComputeKernel
  api=14 insize=11725 outsize=22237 ok=1
Cmd: translateComputeKernel
  api=14 insize=11865 outsize=23233 ok=1
Cmd: initializeCompiler
Cmd: initializeCompiler
