Base path: /Applications/Unity/Unity.app/Contents
Cmd: initializeCompiler
Cmd: compileComputeKernel
  api=14 insize=2059 outsize=789 ok=1
Cmd: compileComputeKernel
  api=14 insize=7330 outsize=10693 ok=1
Cmd: compileComputeKernel
  api=14 insize=3182 outsize=8185 ok=1
Cmd: translateComputeKernel
  api=14 insize=7849 outsize=5241 ok=1
Cmd: translateComputeKernel
  api=14 insize=2021 outsize=3169 ok=1
Cmd: compileComputeKernel
  api=14 insize=654 outsize=1093 ok=1
Cmd: compileComputeKernel
  api=14 insize=16784 outsize=6089 ok=1
Cmd: compileComputeKernel
  api=14 insize=16784 outsize=6689 ok=1
Cmd: compileComputeKernel
  api=14 insize=16784 outsize=8249 ok=1
Cmd: compileComputeKernel
  api=14 insize=16784 outsize=8805 ok=1
Cmd: compileComputeKernel
  api=14 insize=16784 outsize=10993 ok=1
Cmd: compileComputeKernel
  api=14 insize=16784 outsize=9609 ok=1
Cmd: compileComputeKernel
  api=14 insize=16784 outsize=9821 ok=1
Cmd: compileComputeKernel
  api=14 insize=16784 outsize=12245 ok=1
Cmd: translateComputeKernel
  api=14 insize=7633 outsize=13973 ok=1
Cmd: translateComputeKernel
  api=14 insize=7809 outsize=13965 ok=1
Cmd: translateComputeKernel
  api=14 insize=9797 outsize=17921 ok=1
Cmd: translateComputeKernel
  api=14 insize=10393 outsize=19753 ok=1
Cmd: translateComputeKernel
  api=14 insize=9009 outsize=17033 ok=1
Cmd: translateComputeKernel
  api=14 insize=9573 outsize=17821 ok=1
Cmd: translateComputeKernel
  api=14 insize=11945 outsize=22421 ok=1
Cmd: translateComputeKernel
  api=14 insize=12541 outsize=24253 ok=1
Cmd: initializeCompiler
Cmd: initializeCompiler
