Base path: /Applications/Unity/Unity.app/Contents
Cmd: initializeCompiler
Cmd: compileComputeKernel
  api=14 insize=2780 outsize=48933 ok=1
Cmd: translateComputeKernel
  api=14 insize=48553 outsize=85569 ok=1
Cmd: compileComputeKernel
  api=14 insize=5004 outsize=5141 ok=1
Cmd: compileComputeKernel
  api=14 insize=1386 outsize=7377 ok=1
Cmd: translateComputeKernel
  api=14 insize=7377 outsize=3117 ok=1
Cmd: translateComputeKernel
  api=14 insize=3245 outsize=5341 ok=1
Cmd: translateComputeKernel
  api=14 insize=6597 outsize=1561 ok=1
Cmd: translateComputeKernel
  api=14 insize=9937 outsize=16829 ok=1
Cmd: translateComputeKernel
  api=14 insize=1053 outsize=1085 ok=1
Cmd: translateComputeKernel
  api=14 insize=853 outsize=785 ok=1
Cmd: compileComputeKernel
  api=14 insize=1454 outsize=2077 ok=1
Cmd: translateComputeKernel
  api=14 insize=2077 outsize=3273 ok=1
Cmd: translateComputeKernel
  api=14 insize=1485 outsize=2257 ok=1
Cmd: compileComputeKernel
  api=14 insize=16784 outsize=7557 ok=1
Cmd: compileComputeKernel
  api=14 insize=16784 outsize=7793 ok=1
Cmd: compileComputeKernel
  api=14 insize=16784 outsize=7821 ok=1
Cmd: compileComputeKernel
  api=14 insize=16784 outsize=9789 ok=1
Cmd: compileComputeKernel
  api=14 insize=16784 outsize=8621 ok=1
Cmd: compileComputeKernel
  api=14 insize=16784 outsize=8837 ok=1
Cmd: compileComputeKernel
  api=14 insize=16784 outsize=10705 ok=1
Cmd: compileComputeKernel
  api=14 insize=16784 outsize=11261 ok=1
Cmd: translateComputeKernel
  api=14 insize=7245 outsize=13221 ok=1
Cmd: translateComputeKernel
  api=14 insize=8197 outsize=14685 ok=1
Cmd: translateComputeKernel
  api=14 insize=10473 outsize=19253 ok=1
Cmd: translateComputeKernel
  api=14 insize=11069 outsize=20901 ok=1
Cmd: translateComputeKernel
  api=14 insize=8181 outsize=14981 ok=1
Cmd: translateComputeKernel
  api=14 insize=9757 outsize=18225 ok=1
Cmd: translateComputeKernel
  api=14 insize=10353 outsize=20137 ok=1
Cmd: initializeCompiler
Cmd: initializeCompiler
